0 info it worked if it ends with ok
1 verbose cli [ '/Users/dario/.nvm/versions/node/v5.12.0/bin/node',
1 verbose cli   '/Users/dario/.nvm/versions/node/v5.12.0/bin/npm',
1 verbose cli   'start' ]
2 info using npm@3.8.6
3 info using node@v5.12.0
4 verbose run-script [ 'prestart', 'start', 'poststart' ]
5 info lifecycle ttttt@0.1.0~prestart: ttttt@0.1.0
6 silly lifecycle ttttt@0.1.0~prestart: no script for prestart, continuing
7 info lifecycle ttttt@0.1.0~start: ttttt@0.1.0
8 verbose lifecycle ttttt@0.1.0~start: unsafe-perm in lifecycle true
9 verbose lifecycle ttttt@0.1.0~start: PATH: /Users/dario/.nvm/versions/node/v5.12.0/lib/node_modules/npm/bin/node-gyp-bin:/Users/dario/Documents/pers/ttttt/node_modules/.bin:/Users/dario/.nvm/versions/node/v5.12.0/bin:~/Library/Python/3.7/bin:/usr/local/bin:/usr/bin:/bin:/usr/sbin:/sbin:/Library/Frameworks/Python.framework/Versions/3.7/bin:/Users/dario/.nvm/versions/node/v5.12.0/bin
10 verbose lifecycle ttttt@0.1.0~start: CWD: /Users/dario/Documents/pers/ttttt
11 silly lifecycle ttttt@0.1.0~start: Args: [ '-c', 'node scripts/start.js' ]
12 silly lifecycle ttttt@0.1.0~start: Returned: code: 1  signal: null
13 info lifecycle ttttt@0.1.0~start: Failed to exec start script
14 verbose stack Error: ttttt@0.1.0 start: `node scripts/start.js`
14 verbose stack Exit status 1
14 verbose stack     at EventEmitter.<anonymous> (/Users/dario/.nvm/versions/node/v5.12.0/lib/node_modules/npm/lib/utils/lifecycle.js:239:16)
14 verbose stack     at emitTwo (events.js:100:13)
14 verbose stack     at EventEmitter.emit (events.js:185:7)
14 verbose stack     at ChildProcess.<anonymous> (/Users/dario/.nvm/versions/node/v5.12.0/lib/node_modules/npm/lib/utils/spawn.js:24:14)
14 verbose stack     at emitTwo (events.js:100:13)
14 verbose stack     at ChildProcess.emit (events.js:185:7)
14 verbose stack     at maybeClose (internal/child_process.js:850:16)
14 verbose stack     at Process.ChildProcess._handle.onexit (internal/child_process.js:215:5)
15 verbose pkgid ttttt@0.1.0
16 verbose cwd /Users/dario/Documents/pers/ttttt
17 error Darwin 17.7.0
18 error argv "/Users/dario/.nvm/versions/node/v5.12.0/bin/node" "/Users/dario/.nvm/versions/node/v5.12.0/bin/npm" "start"
19 error node v5.12.0
20 error npm  v3.8.6
21 error code ELIFECYCLE
22 error ttttt@0.1.0 start: `node scripts/start.js`
22 error Exit status 1
23 error Failed at the ttttt@0.1.0 start script 'node scripts/start.js'.
23 error Make sure you have the latest version of node.js and npm installed.
23 error If you do, this is most likely a problem with the ttttt package,
23 error not with npm itself.
23 error Tell the author that this fails on your system:
23 error     node scripts/start.js
23 error You can get information on how to open an issue for this project with:
23 error     npm bugs ttttt
23 error Or if that isn't available, you can get their info via:
23 error     npm owner ls ttttt
23 error There is likely additional logging output above.
24 verbose exit [ 1, true ]
